2024-01-10 23:11:12,462 [Worker-0: Loading available Gradle versions] INFO  o.e.b.c.i.u.g.PublishedGradleVersions - Gradle version information cache is out-of-date. Trying to update.
2024-01-10 23:12:14,598 [Worker-8: Building] INFO  o.e.m.c.i.l.LifecycleMappingFactory - Using org.eclipse.m2e.jdt.JarLifecycleMapping lifecycle mapping for MavenProject: com.micro:accounts:0.0.1-SNAPSHOT @ C:\Users\Pranjali Suryawanshi\SpringBoot Microservices\Quick Funds\2Building microservices using springboot\accounts\pom.xml.
2024-01-10 23:12:53,068 [Worker-8: Building] INFO  o.a.m.s.f.DefaultMavenResourcesFiltering - Copying 1 resource from src\main\resources to target\classes
2024-01-10 23:12:53,133 [Worker-8: Building] INFO  o.a.m.s.f.DefaultMavenResourcesFiltering - Copying 1 resource from src\main\resources to target\classes
2024-01-10 23:12:53,248 [Worker-8: Building] INFO  o.a.m.s.f.DefaultMavenResourcesFiltering - skip non existing resourceDirectory C:\Users\Pranjali Suryawanshi\SpringBoot Microservices\Quick Funds\2Building microservices using springboot\accounts\src\test\resources
2024-01-10 23:12:57,429 [Worker-2: Building] INFO  o.a.m.s.f.DefaultMavenResourcesFiltering - Copying 1 resource from src\main\resources to target\classes
2024-01-10 23:12:57,442 [Worker-2: Building] INFO  o.a.m.s.f.DefaultMavenResourcesFiltering - Copying 1 resource from src\main\resources to target\classes
2024-01-10 23:12:57,500 [Worker-2: Building] INFO  o.a.m.s.f.DefaultMavenResourcesFiltering - skip non existing resourceDirectory C:\Users\Pranjali Suryawanshi\SpringBoot Microservices\Quick Funds\2Building microservices using springboot\accounts\src\test\resources
2024-01-10 23:12:57,728 [Worker-6: Updating Maven Dependencies] INFO  o.e.m.c.i.l.LifecycleMappingFactory - Using org.eclipse.m2e.jdt.JarLifecycleMapping lifecycle mapping for MavenProject: com.micro:cards:0.0.1-SNAPSHOT @ C:\Users\Pranjali Suryawanshi\SpringBoot Microservices\Quick Funds\2Building microservices using springboot\cards\pom.xml.
2024-01-10 23:12:58,733 [Worker-2: Building] INFO  o.e.m.c.i.l.LifecycleMappingFactory - Using org.eclipse.m2e.jdt.JarLifecycleMapping lifecycle mapping for MavenProject: com.micro:cards:0.0.1-SNAPSHOT @ C:\Users\Pranjali Suryawanshi\SpringBoot Microservices\Quick Funds\2Building microservices using springboot\cards\pom.xml.
2024-01-10 23:13:04,076 [Worker-2: Building] INFO  o.a.m.s.f.DefaultMavenResourcesFiltering - Copying 1 resource from src\main\resources to target\classes
2024-01-10 23:13:04,153 [Worker-2: Building] INFO  o.a.m.s.f.DefaultMavenResourcesFiltering - Copying 1 resource from src\main\resources to target\classes
2024-01-10 23:13:04,259 [Worker-2: Building] INFO  o.a.m.s.f.DefaultMavenResourcesFiltering - skip non existing resourceDirectory C:\Users\Pranjali Suryawanshi\SpringBoot Microservices\Quick Funds\2Building microservices using springboot\cards\src\test\resources
2024-01-10 23:13:07,031 [Worker-2: Building] INFO  o.e.m.c.i.l.LifecycleMappingFactory - Using org.eclipse.m2e.jdt.JarLifecycleMapping lifecycle mapping for MavenProject: com.micro:loans:0.0.1-SNAPSHOT @ C:\Users\Pranjali Suryawanshi\SpringBoot Microservices\Quick Funds\2Building microservices using springboot\loans\pom.xml.
2024-01-10 23:13:14,174 [Worker-2: Building] INFO  o.a.m.s.f.DefaultMavenResourcesFiltering - Copying 1 resource from src\main\resources to target\classes
2024-01-10 23:13:14,192 [Worker-2: Building] INFO  o.a.m.s.f.DefaultMavenResourcesFiltering - Copying 1 resource from src\main\resources to target\classes
2024-01-10 23:13:14,312 [Worker-2: Building] INFO  o.a.m.s.f.DefaultMavenResourcesFiltering - skip non existing resourceDirectory C:\Users\Pranjali Suryawanshi\SpringBoot Microservices\Quick Funds\2Building microservices using springboot\loans\src\test\resources
2024-01-10 23:13:15,137 [Worker-6: Updating Maven Dependencies] INFO  o.e.m.c.i.l.LifecycleMappingFactory - Using org.eclipse.m2e.jdt.JarLifecycleMapping lifecycle mapping for MavenProject: com.micro:cards:0.0.1-SNAPSHOT @ C:\Users\Pranjali Suryawanshi\SpringBoot Microservices\Quick Funds\2Building microservices using springboot\cards\pom.xml.
2024-01-10 23:13:16,424 [Worker-6: Updating Maven Dependencies] INFO  o.e.m.c.i.l.LifecycleMappingFactory - Using org.eclipse.m2e.jdt.JarLifecycleMapping lifecycle mapping for MavenProject: com.micro:loans:0.0.1-SNAPSHOT @ C:\Users\Pranjali Suryawanshi\SpringBoot Microservices\Quick Funds\2Building microservices using springboot\loans\pom.xml.
2024-01-10 23:13:16,491 [Worker-2: Building] INFO  o.a.m.s.f.DefaultMavenResourcesFiltering - Copying 1 resource from src\main\resources to target\classes
2024-01-10 23:13:16,511 [Worker-2: Building] INFO  o.a.m.s.f.DefaultMavenResourcesFiltering - Copying 1 resource from src\main\resources to target\classes
2024-01-10 23:13:16,520 [Worker-2: Building] INFO  o.a.m.s.f.DefaultMavenResourcesFiltering - skip non existing resourceDirectory C:\Users\Pranjali Suryawanshi\SpringBoot Microservices\Quick Funds\2Building microservices using springboot\cards\src\test\resources
2024-01-10 23:13:18,906 [Worker-7: Building] INFO  o.a.m.s.f.DefaultMavenResourcesFiltering - Copying 0 resource from src\main\resources to target\classes
2024-01-10 23:13:18,961 [Worker-7: Building] INFO  o.a.m.s.f.DefaultMavenResourcesFiltering - Copying 0 resource from src\main\resources to target\classes
2024-01-10 23:13:18,965 [Worker-7: Building] INFO  o.a.m.s.f.DefaultMavenResourcesFiltering - skip non existing resourceDirectory C:\Users\Pranjali Suryawanshi\SpringBoot Microservices\Quick Funds\2Building microservices using springboot\cards\src\test\resources
2024-01-10 23:13:22,296 [Worker-7: Building] INFO  o.a.m.s.f.DefaultMavenResourcesFiltering - Copying 1 resource from src\main\resources to target\classes
2024-01-10 23:13:22,317 [Worker-7: Building] INFO  o.a.m.s.f.DefaultMavenResourcesFiltering - Copying 1 resource from src\main\resources to target\classes
2024-01-10 23:13:22,359 [Worker-7: Building] INFO  o.a.m.s.f.DefaultMavenResourcesFiltering - skip non existing resourceDirectory C:\Users\Pranjali Suryawanshi\SpringBoot Microservices\Quick Funds\2Building microservices using springboot\loans\src\test\resources
2024-01-10 23:22:52,752 [Worker-8: Building] INFO  o.a.m.s.f.DefaultMavenResourcesFiltering - Copying 1 resource from src\main\resources to target\classes
2024-01-10 23:22:52,758 [Worker-8: Building] INFO  o.a.m.s.f.DefaultMavenResourcesFiltering - Copying 1 resource from src\main\resources to target\classes
2024-01-10 23:22:52,764 [Worker-8: Building] INFO  o.a.m.s.f.DefaultMavenResourcesFiltering - skip non existing resourceDirectory C:\Users\Pranjali Suryawanshi\SpringBoot Microservices\Quick Funds\2Building microservices using springboot\accounts\src\test\resources
2024-01-10 23:24:10,726 [Worker-14: Building] INFO  o.a.m.s.f.DefaultMavenResourcesFiltering - Copying 1 resource from src\main\resources to target\classes
2024-01-10 23:24:10,733 [Worker-14: Building] INFO  o.a.m.s.f.DefaultMavenResourcesFiltering - Copying 1 resource from src\main\resources to target\classes
2024-01-10 23:24:10,738 [Worker-14: Building] INFO  o.a.m.s.f.DefaultMavenResourcesFiltering - skip non existing resourceDirectory C:\Users\Pranjali Suryawanshi\SpringBoot Microservices\Quick Funds\2Building microservices using springboot\cards\src\test\resources
2024-01-10 23:24:37,881 [Worker-13: Building] INFO  o.a.m.s.f.DefaultMavenResourcesFiltering - Copying 1 resource from src\main\resources to target\classes
2024-01-10 23:24:37,945 [Worker-13: Building] INFO  o.a.m.s.f.DefaultMavenResourcesFiltering - Copying 1 resource from src\main\resources to target\classes
2024-01-10 23:24:37,949 [Worker-13: Building] INFO  o.a.m.s.f.DefaultMavenResourcesFiltering - skip non existing resourceDirectory C:\Users\Pranjali Suryawanshi\SpringBoot Microservices\Quick Funds\2Building microservices using springboot\loans\src\test\resources
